INFO [2022-08-07 03:40:56] [[1]]
INFO [2022-08-07 03:40:56] list(geneSet_4h, geneSet_24h, geneSet_treat, geneSet_cntrl)
INFO [2022-08-07 03:40:56] 
INFO [2022-08-07 03:40:56] $fill
INFO [2022-08-07 03:40:56] c(ghibli_colors[1], ghibli_colors[3], ghibli_colors[4], ghibli_colors[6])
INFO [2022-08-07 03:40:56] 
INFO [2022-08-07 03:40:56] $alpha
INFO [2022-08-07 03:40:56] c(0.5, 0.5, 0.5, 0.5)
INFO [2022-08-07 03:40:56] 
INFO [2022-08-07 03:40:56] $cat.cex
INFO [2022-08-07 03:40:56] [1] 1.5
INFO [2022-08-07 03:40:56] 
INFO [2022-08-07 03:40:56] $cex
INFO [2022-08-07 03:40:56] [1] 1.5
INFO [2022-08-07 03:40:56] 
INFO [2022-08-07 03:40:56] $category.names
INFO [2022-08-07 03:40:56] c("4h", "24h", "treat", "cntrl")
INFO [2022-08-07 03:40:56] 
INFO [2022-08-07 03:40:56] $filename
INFO [2022-08-07 03:40:56] NULL
INFO [2022-08-07 03:40:56] 
