INFO [2022-08-07 03:42:00] [[1]]
INFO [2022-08-07 03:42:00] list(geneSet_24h, geneSet_treat, geneSet_cntrl)
INFO [2022-08-07 03:42:00] 
INFO [2022-08-07 03:42:00] $fill
INFO [2022-08-07 03:42:00] c(ghibli_colors[3], ghibli_colors[4], ghibli_colors[6])
INFO [2022-08-07 03:42:00] 
INFO [2022-08-07 03:42:00] $alpha
INFO [2022-08-07 03:42:00] c(0.5, 0.5, 0.5)
INFO [2022-08-07 03:42:00] 
INFO [2022-08-07 03:42:00] $cat.cex
INFO [2022-08-07 03:42:00] [1] 1.5
INFO [2022-08-07 03:42:00] 
INFO [2022-08-07 03:42:00] $cex
INFO [2022-08-07 03:42:00] [1] 1.5
INFO [2022-08-07 03:42:00] 
INFO [2022-08-07 03:42:00] $category.names
INFO [2022-08-07 03:42:00] c("24h", "treat", "cntrl")
INFO [2022-08-07 03:42:00] 
INFO [2022-08-07 03:42:00] $filename
INFO [2022-08-07 03:42:00] NULL
INFO [2022-08-07 03:42:00] 
