INFO [2022-08-07 03:39:15] [[1]]
INFO [2022-08-07 03:39:15] list(geneSet_4h, geneSet_24h, geneSet_treat, geneSet_cntrl)
INFO [2022-08-07 03:39:15] 
INFO [2022-08-07 03:39:15] $fill
INFO [2022-08-07 03:39:15] c(ghibli_colors[1], ghibli_colors[3], ghibli_colors[4], ghibli_colors[6])
INFO [2022-08-07 03:39:15] 
INFO [2022-08-07 03:39:15] $alpha
INFO [2022-08-07 03:39:15] c(0.5, 0.5, 0.5, 0.5)
INFO [2022-08-07 03:39:15] 
INFO [2022-08-07 03:39:15] $cat.cex
INFO [2022-08-07 03:39:15] [1] 1.5
INFO [2022-08-07 03:39:15] 
INFO [2022-08-07 03:39:15] $cex
INFO [2022-08-07 03:39:15] [1] 1.5
INFO [2022-08-07 03:39:15] 
INFO [2022-08-07 03:39:15] $category.names
INFO [2022-08-07 03:39:15] c("4h", "24h", "treat", "cntrl")
INFO [2022-08-07 03:39:15] 
INFO [2022-08-07 03:39:15] $filename
INFO [2022-08-07 03:39:15] NULL
INFO [2022-08-07 03:39:15] 
